
[[[系统日志]]]
[2017/3/22 10:35:37]
    系统启动

[[[系统日志]]]
[2017/3/22 10:38:09]
    系统启动

[[[系统日志]]]
[2017/3/22 10:39:51]
    系统启动

[[[系统日志]]]
[2017/3/22 10:45:32]
    系统启动

[[[系统日志]]]
[2017/3/22 11:04:50]
    系统启动

[[[系统日志]]]
[2017/3/22 11:35:38]
    系统启动

[[[系统日志]]]
[2017/3/22 11:56:12]
    系统启动

[[[系统日志]]]
[2017/3/22 11:59:26]
    系统启动

[[[系统日志]]]
[2017/3/22 12:38:44]
    系统启动

[[[系统日志]]]
[2017/3/22 12:44:04]
    系统启动

[[[接口调用]]]
[2017/3/22 12:47:04]
    URL：https://api.weixin.qq.com/cgi-bin/token?grant_type=client_credential&appid=wx111a9eee5a715e38&secret=202fc70d44f8ecb0923327e47fb6653a
    Result：
{"access_token":"pZUh1D0AN_bNv4ZvIIf7UJsPVS8ZtLpjdnviVdty7dhDvWhD5whU1r1UU1LgKjY_zMUjY38ygclIhVley7Ka7lnXIcVSL_0ZGYPlVTqZVFoSSViAGACCF","expires_in":7200}

[[[接口调用]]]
[2017/3/22 12:47:04]
    URL：https://api.weixin.qq.com/cgi-bin/message/template/send?access_token=pZUh1D0AN_bNv4ZvIIf7UJsPVS8ZtLpjdnviVdty7dhDvWhD5whU1r1UU1LgKjY_zMUjY38ygclIhVley7Ka7lnXIcVSL_0ZGYPlVTqZVFoSSViAGACCF
    Result：
{"errcode":0,"errmsg":"ok","msgid":413435916}

[[[接口调用]]]
[2017/3/22 12:47:31]
    URL：https://api.weixin.qq.com/cgi-bin/message/template/send?access_token=pZUh1D0AN_bNv4ZvIIf7UJsPVS8ZtLpjdnviVdty7dhDvWhD5whU1r1UU1LgKjY_zMUjY38ygclIhVley7Ka7lnXIcVSL_0ZGYPlVTqZVFoSSViAGACCF
    Result：
{"errcode":0,"errmsg":"ok","msgid":413435951}

[[[系统日志]]]
[2017/3/22 13:44:49]
    系统启动

[[[系统日志]]]
[2017/3/22 13:58:16]
    系统启动

[[[系统日志]]]
[2017/3/22 13:59:20]
    系统启动

[[[接口调用]]]
[2017/3/22 13:59:23]
    URL：https://api.weixin.qq.com/cgi-bin/token?grant_type=client_credential&appid=wx111a9eee5a715e38&secret=202fc70d44f8ecb0923327e47fb6653a
    Result：
{"access_token":"R_fDrp488m2JIJrFQLj7iSXEKsNjHT8gQeC1iujbLDvTMXUsUO1HV_NgdWYEtSbfQe8yCOwPLarReXixyO8WM7ts90THH97d-x3bUDM8oHhbP1qCrcN85BEcczVGo9mLEIOhAEATXD","expires_in":7200}

[[[接口调用]]]
[2017/3/22 13:59:23]
    URL：https://api.weixin.qq.com/cgi-bin/message/template/send?access_token=R_fDrp488m2JIJrFQLj7iSXEKsNjHT8gQeC1iujbLDvTMXUsUO1HV_NgdWYEtSbfQe8yCOwPLarReXixyO8WM7ts90THH97d-x3bUDM8oHhbP1qCrcN85BEcczVGo9mLEIOhAEATXD
    Result：
{"errcode":0,"errmsg":"ok","msgid":413440889}

[[[接口调用]]]
[2017/3/22 13:59:42]
    URL：https://api.weixin.qq.com/cgi-bin/message/template/send?access_token=R_fDrp488m2JIJrFQLj7iSXEKsNjHT8gQeC1iujbLDvTMXUsUO1HV_NgdWYEtSbfQe8yCOwPLarReXixyO8WM7ts90THH97d-x3bUDM8oHhbP1qCrcN85BEcczVGo9mLEIOhAEATXD
    Result：
{"errcode":0,"errmsg":"ok","msgid":413440902}

[[[系统日志]]]
[2017/3/22 14:00:26]
    系统启动

[[[接口调用]]]
[2017/3/22 14:00:36]
    URL：https://api.weixin.qq.com/cgi-bin/token?grant_type=client_credential&appid=wx111a9eee5a715e38&secret=202fc70d44f8ecb0923327e47fb6653a
    Result：
{"access_token":"Rh8PZ4T3xqH84NKmy3AHL_x6VikoivHVn9B05j-9AcF2FS939RJcvbimOB2lVtvdvNAAZDYJfmQye_PP5tXEiPGqFBV4gt0joWkTK6Bbdpp47Aeql5rWbSbFmwoD45W9LBQhAIAAQF","expires_in":7200}

[[[接口调用]]]
[2017/3/22 14:00:36]
    URL：https://api.weixin.qq.com/cgi-bin/message/template/send?access_token=Rh8PZ4T3xqH84NKmy3AHL_x6VikoivHVn9B05j-9AcF2FS939RJcvbimOB2lVtvdvNAAZDYJfmQye_PP5tXEiPGqFBV4gt0joWkTK6Bbdpp47Aeql5rWbSbFmwoD45W9LBQhAIAAQF
    Result：
{"errcode":0,"errmsg":"ok","msgid":413440958}

[[[系统日志]]]
[2017/3/22 14:02:00]
    系统启动

[[[系统日志]]]
[2017/3/22 14:12:07]
    系统启动

[[[接口调用]]]
[2017/3/22 14:12:21]
    URL：https://api.weixin.qq.com/cgi-bin/token?grant_type=client_credential&appid=wx111a9eee5a715e38&secret=202fc70d44f8ecb0923327e47fb6653a
    Result：
{"access_token":"lKin3QrwS2T0nLnm4p9c2bYbGGe4sWXn4dgX8Dwn5e2ySepgOvLx0m7EXf7JkyTc-4iADuZY2JZnSWZnpBzpTxNEtfYlfM7rYI4qj2_CwmGKQV1UVIAFt4WSI1BBvJ-CZMMhAHALYY","expires_in":7200}

[[[接口调用]]]
[2017/3/22 14:12:21]
    URL：https://api.weixin.qq.com/cgi-bin/message/template/send?access_token=lKin3QrwS2T0nLnm4p9c2bYbGGe4sWXn4dgX8Dwn5e2ySepgOvLx0m7EXf7JkyTc-4iADuZY2JZnSWZnpBzpTxNEtfYlfM7rYI4qj2_CwmGKQV1UVIAFt4WSI1BBvJ-CZMMhAHALYY
    Result：
{"errcode":0,"errmsg":"ok","msgid":413441471}

[[[系统日志]]]
[2017/3/22 14:25:51]
    系统启动

[[[接口调用]]]
[2017/3/22 14:28:22]
    URL：https://api.weixin.qq.com/cgi-bin/token?grant_type=client_credential&appid=wx111a9eee5a715e38&secret=202fc70d44f8ecb0923327e47fb6653a
    Result：
{"access_token":"fLAG6mOPqztDS-ec0nDVJc5RAc8yngoFEy_dAcSfDzAQBKu95bB8OyuM0wRT6huUk2DMyQDIHg-yRENHX_7_ICmAl0f4MKlLMEzMQzHVNR2z0jGUsa0WJNHWWLEOS1x2WACbAHAFJL","expires_in":7200}

[[[接口调用]]]
[2017/3/22 14:28:22]
    URL：https://api.weixin.qq.com/cgi-bin/message/template/send?access_token=fLAG6mOPqztDS-ec0nDVJc5RAc8yngoFEy_dAcSfDzAQBKu95bB8OyuM0wRT6huUk2DMyQDIHg-yRENHX_7_ICmAl0f4MKlLMEzMQzHVNR2z0jGUsa0WJNHWWLEOS1x2WACbAHAFJL
    Result：
{"errcode":0,"errmsg":"ok","msgid":413442255}

[[[系统日志]]]
[2017/3/22 14:29:31]
    系统启动

[[[系统日志]]]
[2017/3/22 14:30:01]
    系统启动

[[[系统日志]]]
[2017/3/22 14:34:22]
    系统启动

[[[接口调用]]]
[2017/3/22 14:34:39]
    URL：https://api.weixin.qq.com/cgi-bin/token?grant_type=client_credential&appid=wx111a9eee5a715e38&secret=202fc70d44f8ecb0923327e47fb6653a
    Result：
{"access_token":"Zo93Dk7zcCUUmMrbx5woigW3AHwgs3YFpKhjTmvmOCW3JXcf29HHNNCZuaBkXZcCPD0J120rJet4CXF0MRzhfc2NVwA8vlRLsAjWTxA-5pbFGPS1sij0ydejkI-xh_DTFIGiAHAWZX","expires_in":7200}

[[[接口调用]]]
[2017/3/22 14:34:40]
    URL：https://api.weixin.qq.com/cgi-bin/message/template/send?access_token=Zo93Dk7zcCUUmMrbx5woigW3AHwgs3YFpKhjTmvmOCW3JXcf29HHNNCZuaBkXZcCPD0J120rJet4CXF0MRzhfc2NVwA8vlRLsAjWTxA-5pbFGPS1sij0ydejkI-xh_DTFIGiAHAWZX
    Result：
{"errcode":0,"errmsg":"ok","msgid":413442404}

[[[系统日志]]]
[2017/3/22 14:36:04]
    系统启动

[[[接口调用]]]
[2017/3/22 14:36:14]
    URL：https://api.weixin.qq.com/cgi-bin/token?grant_type=client_credential&appid=wx111a9eee5a715e38&secret=202fc70d44f8ecb0923327e47fb6653a
    Result：
{"access_token":"hVf47a8Mc2FajZ0WrrcRB-OE41Vn-0CNeGPvQbbGG8W2n8WkiJl3HxkFh-bb9uJINjuifAp3ST-ZRS5pdDY7uHOH1DezK-QmvpHadv3nLYhCyXEtURhMaIv1SevjlOZ4UUYaADAJJN","expires_in":7200}

[[[接口调用]]]
[2017/3/22 14:36:14]
    URL：https://api.weixin.qq.com/cgi-bin/message/template/send?access_token=hVf47a8Mc2FajZ0WrrcRB-OE41Vn-0CNeGPvQbbGG8W2n8WkiJl3HxkFh-bb9uJINjuifAp3ST-ZRS5pdDY7uHOH1DezK-QmvpHadv3nLYhCyXEtURhMaIv1SevjlOZ4UUYaADAJJN
    Result：
{"errcode":0,"errmsg":"ok","msgid":413442464}

[[[系统日志]]]
[2017/3/22 14:41:18]
    系统启动

[[[系统日志]]]
[2017/3/22 15:03:36]
    系统启动

[[[系统日志]]]
[2017/3/22 15:13:06]
    系统启动

[[[系统日志]]]
[2017/3/22 15:15:48]
    系统启动

[[[系统日志]]]
[2017/3/22 15:59:55]
    系统启动

[[[系统日志]]]
[2017/3/22 16:12:27]
    系统启动

[[[系统日志]]]
[2017/3/22 16:14:43]
    系统启动

[[[接口调用]]]
[2017/3/22 16:14:56]
    URL：https://api.weixin.qq.com/cgi-bin/token?grant_type=client_credential&appid=wx111a9eee5a715e38&secret=202fc70d44f8ecb0923327e47fb6653a
    Result：
{"access_token":"-pfxcyBRoUsvV-WwZTgyrRXmVhkj79KmCH91xPHNfII-NmL4ly--TEzs7SAB2m0HhX29MfjkXoKYjqSOcviJIWnW3KT8-k_15rhQkRfZyJLH7aq6MhcP3_kPV1EQh9-XUMWhACAQIS","expires_in":7200}

[[[接口调用]]]
[2017/3/22 16:14:57]
    URL：https://api.weixin.qq.com/cgi-bin/message/template/send?access_token=-pfxcyBRoUsvV-WwZTgyrRXmVhkj79KmCH91xPHNfII-NmL4ly--TEzs7SAB2m0HhX29MfjkXoKYjqSOcviJIWnW3KT8-k_15rhQkRfZyJLH7aq6MhcP3_kPV1EQh9-XUMWhACAQIS
    Result：
{"errcode":0,"errmsg":"ok","msgid":413445878}

[[[接口调用]]]
[2017/3/22 16:15:38]
    URL：https://api.weixin.qq.com/cgi-bin/message/template/send?access_token=-pfxcyBRoUsvV-WwZTgyrRXmVhkj79KmCH91xPHNfII-NmL4ly--TEzs7SAB2m0HhX29MfjkXoKYjqSOcviJIWnW3KT8-k_15rhQkRfZyJLH7aq6MhcP3_kPV1EQh9-XUMWhACAQIS
    Result：
{"errcode":0,"errmsg":"ok","msgid":413445913}

[[[接口调用]]]
[2017/3/22 16:15:39]
    URL：https://api.weixin.qq.com/cgi-bin/message/template/send?access_token=-pfxcyBRoUsvV-WwZTgyrRXmVhkj79KmCH91xPHNfII-NmL4ly--TEzs7SAB2m0HhX29MfjkXoKYjqSOcviJIWnW3KT8-k_15rhQkRfZyJLH7aq6MhcP3_kPV1EQh9-XUMWhACAQIS
    Result：
{"errcode":0,"errmsg":"ok","msgid":413445914}

[[[系统日志]]]
[2017/3/22 16:16:21]
    系统启动

[[[接口调用]]]
[2017/3/22 16:16:28]
    URL：https://api.weixin.qq.com/cgi-bin/token?grant_type=client_credential&appid=wx111a9eee5a715e38&secret=202fc70d44f8ecb0923327e47fb6653a
    Result：
{"access_token":"7OxtKxD0efB6VKDVwyOUmLzO-xVtEjI3GxHjCiWrwML9RqsUNG39x75owf-5NC8QYlXgAJdhgf_Jj-UceOCkrSn7Ym6hDrAIRF_0WzlbxckZIVeAEAUDQ","expires_in":7200}

[[[接口调用]]]
[2017/3/22 16:16:28]
    URL：https://api.weixin.qq.com/cgi-bin/message/template/send?access_token=7OxtKxD0efB6VKDVwyOUmLzO-xVtEjI3GxHjCiWrwML9RqsUNG39x75owf-5NC8QYlXgAJdhgf_Jj-UceOCkrSn7Ym6hDrAIRF_0WzlbxckZIVeAEAUDQ
    Result：
{"errcode":0,"errmsg":"ok","msgid":413445933}

[[[接口调用]]]
[2017/3/22 16:16:29]
    URL：https://api.weixin.qq.com/cgi-bin/message/template/send?access_token=7OxtKxD0efB6VKDVwyOUmLzO-xVtEjI3GxHjCiWrwML9RqsUNG39x75owf-5NC8QYlXgAJdhgf_Jj-UceOCkrSn7Ym6hDrAIRF_0WzlbxckZIVeAEAUDQ
    Result：
{"errcode":0,"errmsg":"ok","msgid":413445934}

[[[接口调用]]]
[2017/3/22 16:17:10]
    URL：https://api.weixin.qq.com/cgi-bin/message/template/send?access_token=7OxtKxD0efB6VKDVwyOUmLzO-xVtEjI3GxHjCiWrwML9RqsUNG39x75owf-5NC8QYlXgAJdhgf_Jj-UceOCkrSn7Ym6hDrAIRF_0WzlbxckZIVeAEAUDQ
    Result：
{"errcode":0,"errmsg":"ok","msgid":413445970}

[[[接口调用]]]
[2017/3/22 16:17:10]
    URL：https://api.weixin.qq.com/cgi-bin/message/template/send?access_token=7OxtKxD0efB6VKDVwyOUmLzO-xVtEjI3GxHjCiWrwML9RqsUNG39x75owf-5NC8QYlXgAJdhgf_Jj-UceOCkrSn7Ym6hDrAIRF_0WzlbxckZIVeAEAUDQ
    Result：
{"errcode":0,"errmsg":"ok","msgid":413445971}

[[[系统日志]]]
[2017/3/22 16:18:30]
    系统启动

[[[系统日志]]]
[2017/3/22 16:20:12]
    系统启动
