
[[[系统日志]]]
[2017/4/10 10:43:23]
    系统启动

[[[系统日志]]]
[2017/4/10 10:46:25]
    系统启动

[[[系统日志]]]
[2017/4/10 10:47:43]
    系统启动

[[[系统日志]]]
[2017/4/10 10:48:31]
    系统启动

[[[系统日志]]]
[2017/4/10 10:54:40]
    系统启动

[[[系统日志]]]
[2017/4/10 11:15:18]
    系统启动

[[[系统日志]]]
[2017/4/10 11:28:02]
    系统启动

[[[系统日志]]]
[2017/4/10 11:28:15]
    系统启动

[[[系统日志]]]
[2017/4/10 11:32:41]
    系统启动

[[[系统日志]]]
[2017/4/10 11:39:31]
    系统启动

[[[系统日志]]]
[2017/4/10 11:55:57]
    系统启动

[[[系统日志]]]
[2017/4/10 11:58:58]
    系统启动

[[[系统日志]]]
[2017/4/10 12:10:25]
    系统启动

[[[系统日志]]]
[2017/4/10 12:17:57]
    系统启动

[[[系统日志]]]
[2017/4/10 12:22:15]
    系统启动

[[[系统日志]]]
[2017/4/10 12:40:11]
    系统启动

[[[系统日志]]]
[2017/4/10 12:40:49]
    系统启动

[[[系统日志]]]
[2017/4/10 12:41:47]
    系统启动

[[[系统日志]]]
[2017/4/10 13:03:52]
    系统启动

[[[系统日志]]]
[2017/4/10 13:06:44]
    系统启动

[[[系统日志]]]
[2017/4/10 13:08:38]
    系统启动

[[[系统日志]]]
[2017/4/10 13:11:16]
    系统启动

[[[系统日志]]]
[2017/4/10 13:11:56]
    系统启动

[[[系统日志]]]
[2017/4/10 13:12:41]
    系统启动

[[[系统日志]]]
[2017/4/10 13:16:26]
    系统启动

[[[系统日志]]]
[2017/4/10 13:18:35]
    系统启动

[[[系统日志]]]
[2017/4/10 13:21:55]
    系统启动

[[[系统日志]]]
[2017/4/10 13:23:32]
    系统启动

[[[系统日志]]]
[2017/4/10 13:25:24]
    系统启动

[[[系统日志]]]
[2017/4/10 15:39:48]
    系统启动

[[[系统日志]]]
[2017/4/10 15:41:12]
    系统启动

[[[系统日志]]]
[2017/4/10 15:47:07]
    系统启动

[[[系统日志]]]
[2017/4/10 17:14:19]
    系统启动

[[[系统日志]]]
[2017/4/10 17:16:55]
    系统启动

[[[系统日志]]]
[2017/4/10 17:19:18]
    系统启动

[[[系统日志]]]
[2017/4/10 17:19:49]
    系统启动

[[[系统日志]]]
[2017/4/10 17:21:05]
    系统启动

[[[系统日志]]]
[2017/4/10 17:34:35]
    系统启动

[[[接口调用]]]
[2017/4/10 17:35:30]
    URL：https://api.weixin.qq.com/cgi-bin/token?grant_type=client_credential&appid=wx9e030984b1f6be79&secret=8c63ea1d8ba8c62f729b118e7b2af1a2
    Result：
{"access_token":"76On5x5YwRuhcw--SUg8nt7MA4gDRLdxkxHBHH8VP0w5_VWAyeDUpFLKDE9ITREwe_Chazw3nYuRSVy4sl0lcRRgWURKuoGqHYQCGBJIwJCJ8B88PYmHkvdMJLnCzahKQPJeACAWVP","expires_in":7200}

[[[系统日志]]]
[2017/4/10 17:46:12]
    系统启动

[[[接口调用]]]
[2017/4/10 17:46:17]
    URL：https://api.weixin.qq.com/cgi-bin/token?grant_type=client_credential&appid=wx9e030984b1f6be79&secret=8c63ea1d8ba8c62f729b118e7b2af1a2
    Result：
{"access_token":"yW_ZaLFiKslk90UG-dVnLJEK9xO1-2vYAoW6jj-T0Nzk1jpqKnw6UUq7DNDSWIQFbdTP1HCBTpdfDhk8mgEmQVbcK6N18GHELvaW0pftIL4KDEe-UgBAkCZF3rT-it2ZSZQhAEAJQH","expires_in":7200}

[[[系统日志]]]
[2017/4/10 17:47:27]
    系统启动

[[[接口调用]]]
[2017/4/10 17:47:29]
    URL：https://api.weixin.qq.com/cgi-bin/token?grant_type=client_credential&appid=wx9e030984b1f6be79&secret=8c63ea1d8ba8c62f729b118e7b2af1a2
    Result：
{"access_token":"4OWYFjh8Euw1xL9WlE9Z3Czsp7lQoop92S9weO2MQi-8mg5ixR4m8jJvew7JGjOa8kq8sVSQ9f36UdQegkyKnldkJh56uY7zbUUXzMlYgGhAQh48X1rfonkVUf_obP9SRVIhABANRE","expires_in":7200}

[[[系统日志]]]
[2017/4/10 17:49:44]
    系统启动

[[[系统日志]]]
[2017/4/10 17:50:32]
    系统启动

[[[系统日志]]]
[2017/4/10 17:59:15]
    系统启动
