
[[[系统日志]]]
[2017/4/12 11:07:09]
    系统启动

[[[系统日志]]]
[2017/4/12 11:10:49]
    系统启动

[[[系统日志]]]
[2017/4/12 11:23:32]
    系统启动

[[[系统日志]]]
[2017/4/12 13:50:39]
    系统启动

[[[系统日志]]]
[2017/4/12 13:53:39]
    系统启动

[[[系统日志]]]
[2017/4/12 14:01:39]
    系统启动

[[[系统日志]]]
[2017/4/12 14:24:40]
    系统启动

[[[系统日志]]]
[2017/4/12 14:26:11]
    系统启动

[[[系统日志]]]
[2017/4/12 14:32:54]
    系统启动

[[[系统日志]]]
[2017/4/12 15:05:01]
    系统启动

[[[系统日志]]]
[2017/4/12 15:06:23]
    系统启动

[[[系统日志]]]
[2017/4/12 15:06:33]
    系统启动

[[[系统日志]]]
[2017/4/12 15:13:24]
    系统启动

[[[系统日志]]]
[2017/4/12 15:20:22]
    系统启动

[[[系统日志]]]
[2017/4/12 15:21:24]
    系统启动

[[[系统日志]]]
[2017/4/12 15:27:22]
    系统启动

[[[系统日志]]]
[2017/4/12 15:30:22]
    系统启动

[[[系统日志]]]
[2017/4/12 15:32:22]
    系统启动

[[[系统日志]]]
[2017/4/12 15:33:24]
    系统启动

[[[系统日志]]]
[2017/4/12 15:35:22]
    系统启动

[[[系统日志]]]
[2017/4/12 15:36:22]
    系统启动

[[[系统日志]]]
[2017/4/12 15:53:22]
    系统启动

[[[系统日志]]]
[2017/4/12 15:56:22]
    系统启动

[[[系统日志]]]
[2017/4/12 15:58:24]
    系统启动

[[[系统日志]]]
[2017/4/12 16:14:46]
    系统启动

[[[系统日志]]]
[2017/4/12 16:15:48]
    系统启动

[[[系统日志]]]
[2017/4/12 16:20:24]
    系统启动

[[[系统日志]]]
[2017/4/12 16:20:47]
    系统启动

[[[系统日志]]]
[2017/4/12 16:22:52]
    系统启动

[[[系统日志]]]
[2017/4/12 16:23:47]
    系统启动

[[[系统日志]]]
[2017/4/12 16:24:20]
    系统启动

[[[系统日志]]]
[2017/4/12 16:28:40]
    系统启动

[[[系统日志]]]
[2017/4/12 16:28:55]
    系统启动

[[[系统日志]]]
[2017/4/12 16:33:34]
    系统启动

[[[系统日志]]]
[2017/4/12 16:36:41]
    系统启动

[[[系统日志]]]
[2017/4/12 16:37:39]
    系统启动

[[[系统日志]]]
[2017/4/12 16:51:39]
    系统启动

[[[系统日志]]]
[2017/4/12 16:53:39]
    系统启动

[[[系统日志]]]
[2017/4/12 17:02:39]
    系统启动

[[[系统日志]]]
[2017/4/12 17:02:57]
    系统启动

[[[接口调用]]]
[2017/4/12 17:03:09]
    URL：https://api.weixin.qq.com/cgi-bin/token?grant_type=client_credential&appid=wx9e030984b1f6be79&secret=8c63ea1d8ba8c62f729b118e7b2af1a2
    Result：
{"access_token":"DK8hqQffZiZLNHKdGCWHZXHsSMhi9WfClzSgMVEM8PL1u4WRlaJHhIPaXZZK8U5yd9-FsQd39T4oviOVpEttBWy9tOXiEMOXGXEkHL64O_70XLrTqON9QAEXCRaSM9nIDPHbAHALXP","expires_in":7200}

[[[系统日志]]]
[2017/4/12 17:56:02]
    系统启动

[[[系统日志]]]
[2017/4/12 17:56:28]
    系统启动

[[[系统日志]]]
[2017/4/12 17:58:26]
    系统启动

[[[系统日志]]]
[2017/4/12 18:03:04]
    系统启动

[[[系统日志]]]
[2017/4/12 18:05:04]
    系统启动
