
[[[系统日志]]]
[2017/3/8 9:17:39]
    系统启动

[[[系统日志]]]
[2017/3/8 13:14:17]
    系统启动

[[[系统日志]]]
[2017/3/8 13:16:50]
    系统启动

[[[系统日志]]]
[2017/3/8 13:20:27]
    系统启动

[[[系统日志]]]
[2017/3/8 13:22:07]
    系统启动

[[[接口调用]]]
[2017/3/8 13:22:21]
    URL：https://api.weixin.qq.com/cgi-bin/token?grant_type=client_credential&appid=wx111a9eee5a715e38&secret=202fc70d44f8ecb0923327e47fb6653a
    Result：
{"access_token":"zCUYZUHVX3E7_IHRdjLvTG_f2GGk1qtJUReOtI6kdkJeMHJ4P2M7rweARITpmEXqtF5nfjWtpZC2L2EBFIPWST63EXlfoCBOuiFuRDrmPtEhwIhIptIcZlKoWLtLkF98VTNjAGADBV","expires_in":7200}

[[[接口调用]]]
[2017/3/8 13:22:21]
    URL：https://api.weixin.qq.com/cgi-bin/message/template/send?access_token=zCUYZUHVX3E7_IHRdjLvTG_f2GGk1qtJUReOtI6kdkJeMHJ4P2M7rweARITpmEXqtF5nfjWtpZC2L2EBFIPWST63EXlfoCBOuiFuRDrmPtEhwIhIptIcZlKoWLtLkF98VTNjAGADBV
    Result：
{"errcode":0,"errmsg":"ok","msgid":412980897}

[[[系统日志]]]
[2017/3/8 13:28:51]
    系统启动

[[[系统日志]]]
[2017/3/8 13:30:48]
    系统启动

[[[接口调用]]]
[2017/3/8 13:30:49]
    URL：https://api.weixin.qq.com/cgi-bin/token?grant_type=client_credential&appid=wx111a9eee5a715e38&secret=202fc70d44f8ecb0923327e47fb6653a
    Result：
{"access_token":"vat-pQs6q4aG6iTZMZHbmlbgAt63h1hrrPQ7juN1BD6mn_hvcDptDtbBcDMAe4mYHp6s2hyCg9EphRD1g5CejS7mKNBlILP5xgPcpjNHunsOFZeAIAULF","expires_in":7200}

[[[接口调用]]]
[2017/3/8 13:30:49]
    URL：https://api.weixin.qq.com/cgi-bin/message/template/send?access_token=vat-pQs6q4aG6iTZMZHbmlbgAt63h1hrrPQ7juN1BD6mn_hvcDptDtbBcDMAe4mYHp6s2hyCg9EphRD1g5CejS7mKNBlILP5xgPcpjNHunsOFZeAIAULF
    Result：
{"errcode":0,"errmsg":"ok","msgid":412981094}

[[[接口调用]]]
[2017/3/8 13:31:11]
    URL：https://api.weixin.qq.com/cgi-bin/message/template/send?access_token=vat-pQs6q4aG6iTZMZHbmlbgAt63h1hrrPQ7juN1BD6mn_hvcDptDtbBcDMAe4mYHp6s2hyCg9EphRD1g5CejS7mKNBlILP5xgPcpjNHunsOFZeAIAULF
    Result：
{"errcode":0,"errmsg":"ok","msgid":412981104}
