
[[[系统日志]]]
[2017/3/14 10:28:41]
    系统启动

[[[系统日志]]]
[2017/3/14 13:20:32]
    系统启动

[[[系统日志]]]
[2017/3/14 13:39:17]
    系统启动

[[[系统日志]]]
[2017/3/14 15:12:20]
    系统启动

[[[接口调用]]]
[2017/3/14 15:12:38]
    URL：https://api.weixin.qq.com/cgi-bin/token?grant_type=client_credential&appid=wx111a9eee5a715e38&secret=202fc70d44f8ecb0923327e47fb6653a
    Result：
{"access_token":"YSv59v03BrcdPPayfFOeDXANpqa-T1yNa_J-I52SLfqx-CygX9tyHJAMm8jv05KrZTEcJ2-xw6I7BvNGAei3O7gQ_Flm6pfI1glsJECwjVXcY3DiwxJ6oM9HE3puTIMpFFSbAIASSF","expires_in":7200}

[[[接口调用]]]
[2017/3/14 15:12:39]
    URL：https://api.weixin.qq.com/cgi-bin/message/template/send?access_token=YSv59v03BrcdPPayfFOeDXANpqa-T1yNa_J-I52SLfqx-CygX9tyHJAMm8jv05KrZTEcJ2-xw6I7BvNGAei3O7gQ_Flm6pfI1glsJECwjVXcY3DiwxJ6oM9HE3puTIMpFFSbAIASSF
    Result：
{"errcode":0,"errmsg":"ok","msgid":413160245}
