
[[[系统日志]]]
[2017/3/24 9:18:53]
    系统启动

[[[系统日志]]]
[2017/3/24 9:43:51]
    系统启动

[[[系统日志]]]
[2017/3/24 10:11:16]
    系统启动

[[[接口调用]]]
[2017/3/24 10:11:24]
    URL：https://api.weixin.qq.com/cgi-bin/token?grant_type=client_credential&appid=wx111a9eee5a715e38&secret=202fc70d44f8ecb0923327e47fb6653a
    Result：
{"access_token":"BLjg9PPDPg0_81lwCo1kej0uUDviHl1xvjloFJlHRDJ2WjU1gKFSFdHrvhgS70_I-TVqXMIt2Cie9DE3yTDX4IG4togqIa_z9jqtZXo7PhirD92Igz9Re4aRty3y1GzfKXZjADAXKM","expires_in":7200}

[[[接口调用]]]
[2017/3/24 10:11:25]
    URL：https://api.weixin.qq.com/cgi-bin/message/template/send?access_token=BLjg9PPDPg0_81lwCo1kej0uUDviHl1xvjloFJlHRDJ2WjU1gKFSFdHrvhgS70_I-TVqXMIt2Cie9DE3yTDX4IG4togqIa_z9jqtZXo7PhirD92Igz9Re4aRty3y1GzfKXZjADAXKM
    Result：
{"errcode":0,"errmsg":"ok","msgid":413539053}

[[[接口调用]]]
[2017/3/24 10:19:40]
    URL：https://api.weixin.qq.com/cgi-bin/message/template/send?access_token=BLjg9PPDPg0_81lwCo1kej0uUDviHl1xvjloFJlHRDJ2WjU1gKFSFdHrvhgS70_I-TVqXMIt2Cie9DE3yTDX4IG4togqIa_z9jqtZXo7PhirD92Igz9Re4aRty3y1GzfKXZjADAXKM
    Result：
{"errcode":40001,"errmsg":"invalid credential, access_token is invalid or not latest hint: [KqbRTA0980vr45!]"}

[[[ErrorJsonResultException]]]
[2017/3/24 10:19:40]
    
    [ErrorJsonResultException]
    [2017/3/24 10:19:40]
        AccessTokenOrAppId：null
        URL：
        errcode：获取access_token时AppSecret错误或者access_token无效
        errmsg：invalid credential, access_token is invalid or not latest hint: [KqbRTA0980vr45!]
    
    [[[接口调用]]]
    [2017/3/24 10:19:40]
        URL：https://api.weixin.qq.com/cgi-bin/token?grant_type=client_credential&appid=wx111a9eee5a715e38&secret=202fc70d44f8ecb0923327e47fb6653a
        Result：
{"access_token":"rPiOGmuIwAha-58trHQudOnVTYacEe3ujVr82zq6ls2gBa8b6cSLFZ247XVlBZkacMNrpHkRVu45ZJ6ZzGFZ_FIo8ui_NTYMgDddb9Kb4pnoPJqbbGET4ofv5i0J8zriBJNdAGAUCG","expires_in":7200}
    
    [[[接口调用]]]
    [2017/3/24 10:19:40]
        URL：https://api.weixin.qq.com/cgi-bin/message/template/send?access_token=rPiOGmuIwAha-58trHQudOnVTYacEe3ujVr82zq6ls2gBa8b6cSLFZ247XVlBZkacMNrpHkRVu45ZJ6ZzGFZ_FIo8ui_NTYMgDddb9Kb4pnoPJqbbGET4ofv5i0J8zriBJNdAGAUCG
        Result：
{"errcode":0,"errmsg":"ok","msgid":413539224}

[[[系统日志]]]
[2017/3/24 10:42:35]
    系统启动

[[[系统日志]]]
[2017/3/24 10:58:25]
    系统启动

[[[系统日志]]]
[2017/3/24 11:29:34]
    系统启动

[[[系统日志]]]
[2017/3/24 11:41:18]
    系统启动

[[[系统日志]]]
[2017/3/24 12:22:15]
    系统启动

[[[系统日志]]]
[2017/3/24 13:03:54]
    系统启动

[[[系统日志]]]
[2017/3/24 13:16:54]
    系统启动

[[[系统日志]]]
[2017/3/24 13:26:17]
    系统启动

[[[系统日志]]]
[2017/3/24 13:40:19]
    系统启动

[[[系统日志]]]
[2017/3/24 13:49:28]
    系统启动

[[[系统日志]]]
[2017/3/24 13:52:35]
    系统启动

[[[系统日志]]]
[2017/3/24 13:58:23]
    系统启动

[[[系统日志]]]
[2017/3/24 14:32:57]
    系统启动

[[[系统日志]]]
[2017/3/24 14:51:31]
    系统启动

[[[系统日志]]]
[2017/3/24 15:09:49]
    系统启动

[[[系统日志]]]
[2017/3/24 15:21:35]
    系统启动

[[[系统日志]]]
[2017/3/24 15:39:28]
    系统启动

[[[系统日志]]]
[2017/3/24 15:40:21]
    系统启动

[[[系统日志]]]
[2017/3/24 15:50:19]
    系统启动

[[[系统日志]]]
[2017/3/24 16:01:18]
    系统启动

[[[系统日志]]]
[2017/3/24 16:03:02]
    系统启动

[[[系统日志]]]
[2017/3/24 16:25:50]
    系统启动

[[[系统日志]]]
[2017/3/24 16:28:46]
    系统启动

[[[系统日志]]]
[2017/3/24 16:32:57]
    系统启动

[[[系统日志]]]
[2017/3/24 16:53:12]
    系统启动

[[[系统日志]]]
[2017/3/24 16:54:45]
    系统启动

[[[系统日志]]]
[2017/3/24 17:46:09]
    系统启动

[[[系统日志]]]
[2017/3/24 17:47:48]
    系统启动
